  Crafting.cpp
C:\Users\mbiernat\source\repos\Vendos\Vendos\itemChest.h(10,12): warning C4584: „itemChest”: klasa bazowa „Workstation” jest już klasą bazową „EquipmentStorageArea”
  (kompilowanie pliku źródłowego „Crafting.cpp”)
      C:\Users\mbiernat\source\repos\Vendos\Vendos\Workstation.h(6,7):
      zobacz deklarację „Workstation”
      C:\Users\mbiernat\source\repos\Vendos\Vendos\EquipmentStorageArea.h(7,7):
      zobacz deklarację „EquipmentStorageArea”
  
C:\Users\mbiernat\source\repos\Vendos\Vendos\ThrowedItem.h(38,45): warning C4244: "inicjowanie": konwersja z "double" do "const float", możliwa utrata danych
  (kompilowanie pliku źródłowego „Crafting.cpp”)
  
C:\Users\mbiernat\source\repos\Vendos\Vendos\ThrowedItem.h(39,45): warning C4244: "inicjowanie": konwersja z "double" do "const float", możliwa utrata danych
  (kompilowanie pliku źródłowego „Crafting.cpp”)
  
C:\Users\mbiernat\source\repos\Vendos\Vendos\Crafting.cpp(116,13): warning C4267: "inicjowanie": konwersja z "size_t" do "int", możliwa utrata danych
  Entity.cpp
C:\Users\mbiernat\source\repos\Vendos\Vendos\ThrowedItem.h(38,45): warning C4244: "inicjowanie": konwersja z "double" do "const float", możliwa utrata danych
  (kompilowanie pliku źródłowego „Entity.cpp”)
  
C:\Users\mbiernat\source\repos\Vendos\Vendos\ThrowedItem.h(39,45): warning C4244: "inicjowanie": konwersja z "double" do "const float", możliwa utrata danych
  (kompilowanie pliku źródłowego „Entity.cpp”)
  
C:\Users\mbiernat\source\repos\Vendos\Vendos\itemChest.h(10,12): warning C4584: „itemChest”: klasa bazowa „Workstation” jest już klasą bazową „EquipmentStorageArea”
  (kompilowanie pliku źródłowego „Entity.cpp”)
      C:\Users\mbiernat\source\repos\Vendos\Vendos\Workstation.h(6,7):
      zobacz deklarację „Workstation”
      C:\Users\mbiernat\source\repos\Vendos\Vendos\EquipmentStorageArea.h(7,7):
      zobacz deklarację „EquipmentStorageArea”
  
C:\Users\mbiernat\source\repos\Vendos\Vendos\Entity.cpp(38,163): warning C4244: "argument": konwersja z "T" do "float", możliwa utrata danych
C:\Users\mbiernat\source\repos\Vendos\Vendos\Entity.cpp(38,163): warning C4244:         with
C:\Users\mbiernat\source\repos\Vendos\Vendos\Entity.cpp(38,163): warning C4244:         [
C:\Users\mbiernat\source\repos\Vendos\Vendos\Entity.cpp(38,163): warning C4244:             T=int
C:\Users\mbiernat\source\repos\Vendos\Vendos\Entity.cpp(38,163): warning C4244:         ]
C:\Users\mbiernat\source\repos\Vendos\Vendos\Entity.cpp(38,102): warning C4244: "argument": konwersja z "T" do "float", możliwa utrata danych
C:\Users\mbiernat\source\repos\Vendos\Vendos\Entity.cpp(38,102): warning C4244:         with
C:\Users\mbiernat\source\repos\Vendos\Vendos\Entity.cpp(38,102): warning C4244:         [
C:\Users\mbiernat\source\repos\Vendos\Vendos\Entity.cpp(38,102): warning C4244:             T=int
C:\Users\mbiernat\source\repos\Vendos\Vendos\Entity.cpp(38,102): warning C4244:         ]
C:\Users\mbiernat\source\repos\Vendos\Vendos\Entity.cpp(110,218): warning C4244: "argument": konwersja z "T" do "T", możliwa utrata danych
C:\Users\mbiernat\source\repos\Vendos\Vendos\Entity.cpp(110,218): warning C4244:         with
C:\Users\mbiernat\source\repos\Vendos\Vendos\Entity.cpp(110,218): warning C4244:         [
C:\Users\mbiernat\source\repos\Vendos\Vendos\Entity.cpp(110,218): warning C4244:             T=int
C:\Users\mbiernat\source\repos\Vendos\Vendos\Entity.cpp(110,218): warning C4244:         ]
C:\Users\mbiernat\source\repos\Vendos\Vendos\Entity.cpp(110,218): warning C4244:         and
C:\Users\mbiernat\source\repos\Vendos\Vendos\Entity.cpp(110,218): warning C4244:         [
C:\Users\mbiernat\source\repos\Vendos\Vendos\Entity.cpp(110,218): warning C4244:             T=float
C:\Users\mbiernat\source\repos\Vendos\Vendos\Entity.cpp(110,218): warning C4244:         ]
C:\Users\mbiernat\source\repos\Vendos\Vendos\Entity.cpp(110,194): warning C4244: "argument": konwersja z "T" do "T", możliwa utrata danych
C:\Users\mbiernat\source\repos\Vendos\Vendos\Entity.cpp(110,194): warning C4244:         with
C:\Users\mbiernat\source\repos\Vendos\Vendos\Entity.cpp(110,194): warning C4244:         [
C:\Users\mbiernat\source\repos\Vendos\Vendos\Entity.cpp(110,194): warning C4244:             T=int
C:\Users\mbiernat\source\repos\Vendos\Vendos\Entity.cpp(110,194): warning C4244:         ]
C:\Users\mbiernat\source\repos\Vendos\Vendos\Entity.cpp(110,194): warning C4244:         and
C:\Users\mbiernat\source\repos\Vendos\Vendos\Entity.cpp(110,194): warning C4244:         [
C:\Users\mbiernat\source\repos\Vendos\Vendos\Entity.cpp(110,194): warning C4244:             T=float
C:\Users\mbiernat\source\repos\Vendos\Vendos\Entity.cpp(110,194): warning C4244:         ]
  EntityPlayer.cpp
C:\Users\mbiernat\source\repos\Vendos\Vendos\ThrowedItem.h(38,45): warning C4244: "inicjowanie": konwersja z "double" do "const float", możliwa utrata danych
  (kompilowanie pliku źródłowego „EntityPlayer.cpp”)
  
C:\Users\mbiernat\source\repos\Vendos\Vendos\ThrowedItem.h(39,45): warning C4244: "inicjowanie": konwersja z "double" do "const float", możliwa utrata danych
  (kompilowanie pliku źródłowego „EntityPlayer.cpp”)
  
C:\Users\mbiernat\source\repos\Vendos\Vendos\itemChest.h(10,12): warning C4584: „itemChest”: klasa bazowa „Workstation” jest już klasą bazową „EquipmentStorageArea”
  (kompilowanie pliku źródłowego „EntityPlayer.cpp”)
      C:\Users\mbiernat\source\repos\Vendos\Vendos\Workstation.h(6,7):
      zobacz deklarację „Workstation”
      C:\Users\mbiernat\source\repos\Vendos\Vendos\EquipmentStorageArea.h(7,7):
      zobacz deklarację „EquipmentStorageArea”
  
C:\Users\mbiernat\source\repos\Vendos\Vendos\EntityPlayer.cpp(45,15): warning C4244: "inicjowanie": konwersja z "float" do "int", możliwa utrata danych
C:\Users\mbiernat\source\repos\Vendos\Vendos\EntityPlayer.cpp(47,23): warning C4244: "inicjowanie": konwersja z "int" do "float", możliwa utrata danych
C:\Users\mbiernat\source\repos\Vendos\Vendos\EntityPlayer.cpp(56,22): warning C4244: "inicjowanie": konwersja z "float" do "int", możliwa utrata danych
C:\Users\mbiernat\source\repos\Vendos\Vendos\EntityPlayer.cpp(67,21): warning C4244: "argument": konwersja z "T" do "T", możliwa utrata danych
C:\Users\mbiernat\source\repos\Vendos\Vendos\EntityPlayer.cpp(67,21): warning C4244:         with
C:\Users\mbiernat\source\repos\Vendos\Vendos\EntityPlayer.cpp(67,21): warning C4244:         [
C:\Users\mbiernat\source\repos\Vendos\Vendos\EntityPlayer.cpp(67,21): warning C4244:             T=float
C:\Users\mbiernat\source\repos\Vendos\Vendos\EntityPlayer.cpp(67,21): warning C4244:         ]
C:\Users\mbiernat\source\repos\Vendos\Vendos\EntityPlayer.cpp(67,21): warning C4244:         and
C:\Users\mbiernat\source\repos\Vendos\Vendos\EntityPlayer.cpp(67,21): warning C4244:         [
C:\Users\mbiernat\source\repos\Vendos\Vendos\EntityPlayer.cpp(67,21): warning C4244:             T=int
C:\Users\mbiernat\source\repos\Vendos\Vendos\EntityPlayer.cpp(67,21): warning C4244:         ]
C:\Users\mbiernat\source\repos\Vendos\Vendos\EntityPlayer.cpp(66,21): warning C4244: "argument": konwersja z "T" do "T", możliwa utrata danych
C:\Users\mbiernat\source\repos\Vendos\Vendos\EntityPlayer.cpp(66,21): warning C4244:         with
C:\Users\mbiernat\source\repos\Vendos\Vendos\EntityPlayer.cpp(66,21): warning C4244:         [
C:\Users\mbiernat\source\repos\Vendos\Vendos\EntityPlayer.cpp(66,21): warning C4244:             T=float
C:\Users\mbiernat\source\repos\Vendos\Vendos\EntityPlayer.cpp(66,21): warning C4244:         ]
C:\Users\mbiernat\source\repos\Vendos\Vendos\EntityPlayer.cpp(66,21): warning C4244:         and
C:\Users\mbiernat\source\repos\Vendos\Vendos\EntityPlayer.cpp(66,21): warning C4244:         [
C:\Users\mbiernat\source\repos\Vendos\Vendos\EntityPlayer.cpp(66,21): warning C4244:             T=int
C:\Users\mbiernat\source\repos\Vendos\Vendos\EntityPlayer.cpp(66,21): warning C4244:         ]
C:\Users\mbiernat\source\repos\Vendos\Vendos\EntityPlayer.cpp(65,27): warning C4244: "argument": konwersja z "T" do "T", możliwa utrata danych
C:\Users\mbiernat\source\repos\Vendos\Vendos\EntityPlayer.cpp(65,27): warning C4244:         with
C:\Users\mbiernat\source\repos\Vendos\Vendos\EntityPlayer.cpp(65,27): warning C4244:         [
C:\Users\mbiernat\source\repos\Vendos\Vendos\EntityPlayer.cpp(65,27): warning C4244:             T=float
C:\Users\mbiernat\source\repos\Vendos\Vendos\EntityPlayer.cpp(65,27): warning C4244:         ]
C:\Users\mbiernat\source\repos\Vendos\Vendos\EntityPlayer.cpp(65,27): warning C4244:         and
C:\Users\mbiernat\source\repos\Vendos\Vendos\EntityPlayer.cpp(65,27): warning C4244:         [
C:\Users\mbiernat\source\repos\Vendos\Vendos\EntityPlayer.cpp(65,27): warning C4244:             T=int
C:\Users\mbiernat\source\repos\Vendos\Vendos\EntityPlayer.cpp(65,27): warning C4244:         ]
C:\Users\mbiernat\source\repos\Vendos\Vendos\EntityPlayer.cpp(64,28): warning C4244: "argument": konwersja z "T" do "T", możliwa utrata danych
C:\Users\mbiernat\source\repos\Vendos\Vendos\EntityPlayer.cpp(64,28): warning C4244:         with
C:\Users\mbiernat\source\repos\Vendos\Vendos\EntityPlayer.cpp(64,28): warning C4244:         [
C:\Users\mbiernat\source\repos\Vendos\Vendos\EntityPlayer.cpp(64,28): warning C4244:             T=float
C:\Users\mbiernat\source\repos\Vendos\Vendos\EntityPlayer.cpp(64,28): warning C4244:         ]
C:\Users\mbiernat\source\repos\Vendos\Vendos\EntityPlayer.cpp(64,28): warning C4244:         and
C:\Users\mbiernat\source\repos\Vendos\Vendos\EntityPlayer.cpp(64,28): warning C4244:         [
C:\Users\mbiernat\source\repos\Vendos\Vendos\EntityPlayer.cpp(64,28): warning C4244:             T=int
C:\Users\mbiernat\source\repos\Vendos\Vendos\EntityPlayer.cpp(64,28): warning C4244:         ]
  Equipment.cpp
C:\Users\mbiernat\source\repos\Vendos\Vendos\itemChest.h(10,12): warning C4584: „itemChest”: klasa bazowa „Workstation” jest już klasą bazową „EquipmentStorageArea”
  (kompilowanie pliku źródłowego „Equipment.cpp”)
      C:\Users\mbiernat\source\repos\Vendos\Vendos\Workstation.h(6,7):
      zobacz deklarację „Workstation”
      C:\Users\mbiernat\source\repos\Vendos\Vendos\EquipmentStorageArea.h(7,7):
      zobacz deklarację „EquipmentStorageArea”
  
C:\Users\mbiernat\source\repos\Vendos\Vendos\ThrowedItem.h(38,45): warning C4244: "inicjowanie": konwersja z "double" do "const float", możliwa utrata danych
  (kompilowanie pliku źródłowego „Equipment.cpp”)
  
C:\Users\mbiernat\source\repos\Vendos\Vendos\ThrowedItem.h(39,45): warning C4244: "inicjowanie": konwersja z "double" do "const float", możliwa utrata danych
  (kompilowanie pliku źródłowego „Equipment.cpp”)
  
  EquipmentAreas.cpp
C:\Users\mbiernat\source\repos\Vendos\Vendos\itemChest.h(10,12): warning C4584: „itemChest”: klasa bazowa „Workstation” jest już klasą bazową „EquipmentStorageArea”
  (kompilowanie pliku źródłowego „EquipmentAreas.cpp”)
      C:\Users\mbiernat\source\repos\Vendos\Vendos\Workstation.h(6,7):
      zobacz deklarację „Workstation”
      C:\Users\mbiernat\source\repos\Vendos\Vendos\EquipmentStorageArea.h(7,7):
      zobacz deklarację „EquipmentStorageArea”
  
C:\Users\mbiernat\source\repos\Vendos\Vendos\ThrowedItem.h(38,45): warning C4244: "inicjowanie": konwersja z "double" do "const float", możliwa utrata danych
  (kompilowanie pliku źródłowego „EquipmentAreas.cpp”)
  
C:\Users\mbiernat\source\repos\Vendos\Vendos\ThrowedItem.h(39,45): warning C4244: "inicjowanie": konwersja z "double" do "const float", możliwa utrata danych
  (kompilowanie pliku źródłowego „EquipmentAreas.cpp”)
  
C:\Users\mbiernat\source\repos\Vendos\Vendos\EquipmentAreas.cpp(99,47): warning C4267: "=": konwersja z "size_t" do "int", możliwa utrata danych
C:\Users\mbiernat\source\repos\Vendos\Vendos\EquipmentAreas.cpp(280,43): warning C4267: "=": konwersja z "size_t" do "T", możliwa utrata danych
C:\Users\mbiernat\source\repos\Vendos\Vendos\EquipmentAreas.cpp(280,43): warning C4267:         with
C:\Users\mbiernat\source\repos\Vendos\Vendos\EquipmentAreas.cpp(280,43): warning C4267:         [
C:\Users\mbiernat\source\repos\Vendos\Vendos\EquipmentAreas.cpp(280,43): warning C4267:             T=int
C:\Users\mbiernat\source\repos\Vendos\Vendos\EquipmentAreas.cpp(280,43): warning C4267:         ]
C:\Users\mbiernat\source\repos\Vendos\Vendos\EquipmentAreas.cpp(281,49): warning C4267: "=": konwersja z "size_t" do "T", możliwa utrata danych
C:\Users\mbiernat\source\repos\Vendos\Vendos\EquipmentAreas.cpp(281,49): warning C4267:         with
C:\Users\mbiernat\source\repos\Vendos\Vendos\EquipmentAreas.cpp(281,49): warning C4267:         [
C:\Users\mbiernat\source\repos\Vendos\Vendos\EquipmentAreas.cpp(281,49): warning C4267:             T=int
C:\Users\mbiernat\source\repos\Vendos\Vendos\EquipmentAreas.cpp(281,49): warning C4267:         ]
  Game.cpp
C:\Users\mbiernat\source\repos\Vendos\Vendos\ThrowedItem.h(38,45): warning C4244: "inicjowanie": konwersja z "double" do "const float", możliwa utrata danych
  (kompilowanie pliku źródłowego „Game.cpp”)
  
C:\Users\mbiernat\source\repos\Vendos\Vendos\ThrowedItem.h(39,45): warning C4244: "inicjowanie": konwersja z "double" do "const float", możliwa utrata danych
  (kompilowanie pliku źródłowego „Game.cpp”)
  
C:\Users\mbiernat\source\repos\Vendos\Vendos\itemChest.h(10,12): warning C4584: „itemChest”: klasa bazowa „Workstation” jest już klasą bazową „EquipmentStorageArea”
  (kompilowanie pliku źródłowego „Game.cpp”)
      C:\Users\mbiernat\source\repos\Vendos\Vendos\Workstation.h(6,7):
      zobacz deklarację „Workstation”
      C:\Users\mbiernat\source\repos\Vendos\Vendos\EquipmentStorageArea.h(7,7):
      zobacz deklarację „EquipmentStorageArea”
  
  Main.cpp
C:\Users\mbiernat\source\repos\Vendos\Vendos\ThrowedItem.h(38,45): warning C4244: "inicjowanie": konwersja z "double" do "const float", możliwa utrata danych
  (kompilowanie pliku źródłowego „Main.cpp”)
  
C:\Users\mbiernat\source\repos\Vendos\Vendos\ThrowedItem.h(39,45): warning C4244: "inicjowanie": konwersja z "double" do "const float", możliwa utrata danych
  (kompilowanie pliku źródłowego „Main.cpp”)
  
C:\Users\mbiernat\source\repos\Vendos\Vendos\itemChest.h(10,12): warning C4584: „itemChest”: klasa bazowa „Workstation” jest już klasą bazową „EquipmentStorageArea”
  (kompilowanie pliku źródłowego „Main.cpp”)
      C:\Users\mbiernat\source\repos\Vendos\Vendos\Workstation.h(6,7):
      zobacz deklarację „Workstation”
      C:\Users\mbiernat\source\repos\Vendos\Vendos\EquipmentStorageArea.h(7,7):
      zobacz deklarację „EquipmentStorageArea”
  
  State.cpp
C:\Users\mbiernat\source\repos\Vendos\Vendos\ThrowedItem.h(38,45): warning C4244: "inicjowanie": konwersja z "double" do "const float", możliwa utrata danych
  (kompilowanie pliku źródłowego „State.cpp”)
  
C:\Users\mbiernat\source\repos\Vendos\Vendos\ThrowedItem.h(39,45): warning C4244: "inicjowanie": konwersja z "double" do "const float", możliwa utrata danych
  (kompilowanie pliku źródłowego „State.cpp”)
  
C:\Users\mbiernat\source\repos\Vendos\Vendos\itemChest.h(10,12): warning C4584: „itemChest”: klasa bazowa „Workstation” jest już klasą bazową „EquipmentStorageArea”
  (kompilowanie pliku źródłowego „State.cpp”)
      C:\Users\mbiernat\source\repos\Vendos\Vendos\Workstation.h(6,7):
      zobacz deklarację „Workstation”
      C:\Users\mbiernat\source\repos\Vendos\Vendos\EquipmentStorageArea.h(7,7):
      zobacz deklarację „EquipmentStorageArea”
  
C:\Users\mbiernat\source\repos\Vendos\Vendos\State.cpp(103,8): warning C4244: "inicjowanie": konwersja z "T" do "int", możliwa utrata danych
C:\Users\mbiernat\source\repos\Vendos\Vendos\State.cpp(103,8): warning C4244:         with
C:\Users\mbiernat\source\repos\Vendos\Vendos\State.cpp(103,8): warning C4244:         [
C:\Users\mbiernat\source\repos\Vendos\Vendos\State.cpp(103,8): warning C4244:             T=float
C:\Users\mbiernat\source\repos\Vendos\Vendos\State.cpp(103,8): warning C4244:         ]
C:\Users\mbiernat\source\repos\Vendos\Vendos\State.cpp(106,8): warning C4244: "inicjowanie": konwersja z "T" do "int", możliwa utrata danych
C:\Users\mbiernat\source\repos\Vendos\Vendos\State.cpp(106,8): warning C4244:         with
C:\Users\mbiernat\source\repos\Vendos\Vendos\State.cpp(106,8): warning C4244:         [
C:\Users\mbiernat\source\repos\Vendos\Vendos\State.cpp(106,8): warning C4244:             T=float
C:\Users\mbiernat\source\repos\Vendos\Vendos\State.cpp(106,8): warning C4244:         ]
  StateMenu.cpp
C:\Users\mbiernat\source\repos\Vendos\Vendos\ThrowedItem.h(38,45): warning C4244: "inicjowanie": konwersja z "double" do "const float", możliwa utrata danych
  (kompilowanie pliku źródłowego „StateMenu.cpp”)
  
C:\Users\mbiernat\source\repos\Vendos\Vendos\ThrowedItem.h(39,45): warning C4244: "inicjowanie": konwersja z "double" do "const float", możliwa utrata danych
  (kompilowanie pliku źródłowego „StateMenu.cpp”)
  
C:\Users\mbiernat\source\repos\Vendos\Vendos\itemChest.h(10,12): warning C4584: „itemChest”: klasa bazowa „Workstation” jest już klasą bazową „EquipmentStorageArea”
  (kompilowanie pliku źródłowego „StateMenu.cpp”)
      C:\Users\mbiernat\source\repos\Vendos\Vendos\Workstation.h(6,7):
      zobacz deklarację „Workstation”
      C:\Users\mbiernat\source\repos\Vendos\Vendos\EquipmentStorageArea.h(7,7):
      zobacz deklarację „EquipmentStorageArea”
  
  StateSpawnPlace.cpp
C:\Users\mbiernat\source\repos\Vendos\Vendos\ThrowedItem.h(38,45): warning C4244: "inicjowanie": konwersja z "double" do "const float", możliwa utrata danych
  (kompilowanie pliku źródłowego „StateSpawnPlace.cpp”)
  
C:\Users\mbiernat\source\repos\Vendos\Vendos\ThrowedItem.h(39,45): warning C4244: "inicjowanie": konwersja z "double" do "const float", możliwa utrata danych
  (kompilowanie pliku źródłowego „StateSpawnPlace.cpp”)
  
C:\Users\mbiernat\source\repos\Vendos\Vendos\itemChest.h(10,12): warning C4584: „itemChest”: klasa bazowa „Workstation” jest już klasą bazową „EquipmentStorageArea”
  (kompilowanie pliku źródłowego „StateSpawnPlace.cpp”)
      C:\Users\mbiernat\source\repos\Vendos\Vendos\Workstation.h(6,7):
      zobacz deklarację „Workstation”
      C:\Users\mbiernat\source\repos\Vendos\Vendos\EquipmentStorageArea.h(7,7):
      zobacz deklarację „EquipmentStorageArea”
  
  ThrowedItem.cpp
C:\Users\mbiernat\source\repos\Vendos\Vendos\ThrowedItem.h(38,45): warning C4244: "inicjowanie": konwersja z "double" do "const float", możliwa utrata danych
  (kompilowanie pliku źródłowego „ThrowedItem.cpp”)
  
C:\Users\mbiernat\source\repos\Vendos\Vendos\ThrowedItem.h(39,45): warning C4244: "inicjowanie": konwersja z "double" do "const float", możliwa utrata danych
  (kompilowanie pliku źródłowego „ThrowedItem.cpp”)
  
C:\Users\mbiernat\source\repos\Vendos\Vendos\ThrowedItem.cpp(63,92): warning C4244: "argument": konwersja z "float" do "_Ty", możliwa utrata danych
C:\Users\mbiernat\source\repos\Vendos\Vendos\ThrowedItem.cpp(63,92): warning C4244:         with
C:\Users\mbiernat\source\repos\Vendos\Vendos\ThrowedItem.cpp(63,92): warning C4244:         [
C:\Users\mbiernat\source\repos\Vendos\Vendos\ThrowedItem.cpp(63,92): warning C4244:             _Ty=int
C:\Users\mbiernat\source\repos\Vendos\Vendos\ThrowedItem.cpp(63,92): warning C4244:         ]
C:\Users\mbiernat\source\repos\Vendos\Vendos\ThrowedItem.cpp(63,66): warning C4244: "argument": konwersja z "float" do "_Ty", możliwa utrata danych
C:\Users\mbiernat\source\repos\Vendos\Vendos\ThrowedItem.cpp(63,66): warning C4244:         with
C:\Users\mbiernat\source\repos\Vendos\Vendos\ThrowedItem.cpp(63,66): warning C4244:         [
C:\Users\mbiernat\source\repos\Vendos\Vendos\ThrowedItem.cpp(63,66): warning C4244:             _Ty=int
C:\Users\mbiernat\source\repos\Vendos\Vendos\ThrowedItem.cpp(63,66): warning C4244:         ]
C:\Users\mbiernat\source\repos\Vendos\Vendos\ThrowedItem.cpp(66,14): warning C4244: "=": konwersja z "int" do "float", możliwa utrata danych
C:\Users\mbiernat\source\repos\Vendos\Vendos\ThrowedItem.cpp(67,13): warning C4244: "=": konwersja z "int" do "float", możliwa utrata danych
C:\Users\mbiernat\source\repos\Vendos\Vendos\ThrowedItem.cpp(121,27): warning C4244: "=": konwersja z "double" do "T", możliwa utrata danych
C:\Users\mbiernat\source\repos\Vendos\Vendos\ThrowedItem.cpp(121,27): warning C4244:         with
C:\Users\mbiernat\source\repos\Vendos\Vendos\ThrowedItem.cpp(121,27): warning C4244:         [
C:\Users\mbiernat\source\repos\Vendos\Vendos\ThrowedItem.cpp(121,27): warning C4244:             T=float
C:\Users\mbiernat\source\repos\Vendos\Vendos\ThrowedItem.cpp(121,27): warning C4244:         ]
C:\Users\mbiernat\source\repos\Vendos\Vendos\ThrowedItem.cpp(122,27): warning C4244: "=": konwersja z "double" do "T", możliwa utrata danych
C:\Users\mbiernat\source\repos\Vendos\Vendos\ThrowedItem.cpp(122,27): warning C4244:         with
C:\Users\mbiernat\source\repos\Vendos\Vendos\ThrowedItem.cpp(122,27): warning C4244:         [
C:\Users\mbiernat\source\repos\Vendos\Vendos\ThrowedItem.cpp(122,27): warning C4244:             T=float
C:\Users\mbiernat\source\repos\Vendos\Vendos\ThrowedItem.cpp(122,27): warning C4244:         ]
C:\Users\mbiernat\source\repos\Vendos\Vendos\ThrowedItem.cpp(145,78): warning C4244: "=": konwersja z "double" do "T", możliwa utrata danych
C:\Users\mbiernat\source\repos\Vendos\Vendos\ThrowedItem.cpp(145,78): warning C4244:         with
C:\Users\mbiernat\source\repos\Vendos\Vendos\ThrowedItem.cpp(145,78): warning C4244:         [
C:\Users\mbiernat\source\repos\Vendos\Vendos\ThrowedItem.cpp(145,78): warning C4244:             T=float
C:\Users\mbiernat\source\repos\Vendos\Vendos\ThrowedItem.cpp(145,78): warning C4244:         ]
C:\Users\mbiernat\source\repos\Vendos\Vendos\ThrowedItem.cpp(210,23): warning C4244: "=": konwersja z "double" do "float", możliwa utrata danych
  ThrownItems.cpp
C:\Users\mbiernat\source\repos\Vendos\Vendos\ThrowedItem.h(38,45): warning C4244: "inicjowanie": konwersja z "double" do "const float", możliwa utrata danych
  (kompilowanie pliku źródłowego „ThrownItems.cpp”)
  
C:\Users\mbiernat\source\repos\Vendos\Vendos\ThrowedItem.h(39,45): warning C4244: "inicjowanie": konwersja z "double" do "const float", możliwa utrata danych
  (kompilowanie pliku źródłowego „ThrownItems.cpp”)
  
C:\Users\mbiernat\source\repos\Vendos\Vendos\itemChest.h(10,12): warning C4584: „itemChest”: klasa bazowa „Workstation” jest już klasą bazową „EquipmentStorageArea”
  (kompilowanie pliku źródłowego „ThrownItems.cpp”)
      C:\Users\mbiernat\source\repos\Vendos\Vendos\Workstation.h(6,7):
      zobacz deklarację „Workstation”
      C:\Users\mbiernat\source\repos\Vendos\Vendos\EquipmentStorageArea.h(7,7):
      zobacz deklarację „EquipmentStorageArea”
  
  Generowanie kodu...
C:\Users\mbiernat\source\repos\Vendos\Vendos\ThrownItems.cpp(103,1): warning C4715: "`ThrownItems::update'::`5'::<lambda_1>::operator()<ThrowedItem *>”: niewszystkie ścieżki kodu zwracają wartość
C:\Users\mbiernat\source\repos\Vendos\Vendos\Entity.cpp(104,1): warning C4715: "Entity::checkIfBackGroundMoveable”: niewszystkie ścieżki kodu zwracają wartość
  Vendos.vcxproj -> C:\Users\mbiernat\source\repos\Vendos\x64\Debug\Vendos.exe
