  button.cpp
  Camera.cpp
  CameraSprite.cpp
  Collision.cpp
  Crafting.cpp
C:\Users\mbiernat\source\repos\Vendos\Vendos\itemChest.h(10,12): warning C4584: „itemChest”: klasa bazowa „TilesOnMap” jest już klasą bazową „item”
  (kompilowanie pliku źródłowego „Crafting.cpp”)
      C:\Users\mbiernat\source\repos\Vendos\Vendos\TilesOnMap.h(11,7):
      zobacz deklarację „TilesOnMap”
      C:\Users\mbiernat\source\repos\Vendos\Vendos\item.h(17,7):
      zobacz deklarację „item”
  
C:\Users\mbiernat\source\repos\Vendos\Vendos\itemFurnace.h(10,9): warning C4584: „itemFurnace”: klasa bazowa „TilesOnMap” jest już klasą bazową „item”
  (kompilowanie pliku źródłowego „Crafting.cpp”)
      C:\Users\mbiernat\source\repos\Vendos\Vendos\TilesOnMap.h(11,7):
      zobacz deklarację „TilesOnMap”
      C:\Users\mbiernat\source\repos\Vendos\Vendos\item.h(17,7):
      zobacz deklarację „item”
  
C:\Users\mbiernat\source\repos\Vendos\Vendos\ThrowedItem.h(38,45): warning C4244: "inicjowanie": konwersja z "double" do "const float", możliwa utrata danych
  (kompilowanie pliku źródłowego „Crafting.cpp”)
  
C:\Users\mbiernat\source\repos\Vendos\Vendos\ThrowedItem.h(39,45): warning C4244: "inicjowanie": konwersja z "double" do "const float", możliwa utrata danych
  (kompilowanie pliku źródłowego „Crafting.cpp”)
  
C:\Users\mbiernat\source\repos\Vendos\Vendos\Crafting.cpp(117,13): warning C4267: "inicjowanie": konwersja z "size_t" do "int", możliwa utrata danych
  Entity.cpp
C:\Users\mbiernat\source\repos\Vendos\Vendos\ThrowedItem.h(38,45): warning C4244: "inicjowanie": konwersja z "double" do "const float", możliwa utrata danych
  (kompilowanie pliku źródłowego „Entity.cpp”)
  
C:\Users\mbiernat\source\repos\Vendos\Vendos\ThrowedItem.h(39,45): warning C4244: "inicjowanie": konwersja z "double" do "const float", możliwa utrata danych
  (kompilowanie pliku źródłowego „Entity.cpp”)
  
C:\Users\mbiernat\source\repos\Vendos\Vendos\itemChest.h(10,12): warning C4584: „itemChest”: klasa bazowa „TilesOnMap” jest już klasą bazową „item”
  (kompilowanie pliku źródłowego „Entity.cpp”)
      C:\Users\mbiernat\source\repos\Vendos\Vendos\TilesOnMap.h(11,7):
      zobacz deklarację „TilesOnMap”
      C:\Users\mbiernat\source\repos\Vendos\Vendos\item.h(17,7):
      zobacz deklarację „item”
  
C:\Users\mbiernat\source\repos\Vendos\Vendos\itemFurnace.h(10,9): warning C4584: „itemFurnace”: klasa bazowa „TilesOnMap” jest już klasą bazową „item”
  (kompilowanie pliku źródłowego „Entity.cpp”)
      C:\Users\mbiernat\source\repos\Vendos\Vendos\TilesOnMap.h(11,7):
      zobacz deklarację „TilesOnMap”
      C:\Users\mbiernat\source\repos\Vendos\Vendos\item.h(17,7):
      zobacz deklarację „item”
  
C:\Users\mbiernat\source\repos\Vendos\Vendos\Entity.cpp(38,163): warning C4244: "argument": konwersja z "T" do "float", możliwa utrata danych
C:\Users\mbiernat\source\repos\Vendos\Vendos\Entity.cpp(38,163): warning C4244:         with
C:\Users\mbiernat\source\repos\Vendos\Vendos\Entity.cpp(38,163): warning C4244:         [
C:\Users\mbiernat\source\repos\Vendos\Vendos\Entity.cpp(38,163): warning C4244:             T=int
C:\Users\mbiernat\source\repos\Vendos\Vendos\Entity.cpp(38,163): warning C4244:         ]
C:\Users\mbiernat\source\repos\Vendos\Vendos\Entity.cpp(38,102): warning C4244: "argument": konwersja z "T" do "float", możliwa utrata danych
C:\Users\mbiernat\source\repos\Vendos\Vendos\Entity.cpp(38,102): warning C4244:         with
C:\Users\mbiernat\source\repos\Vendos\Vendos\Entity.cpp(38,102): warning C4244:         [
C:\Users\mbiernat\source\repos\Vendos\Vendos\Entity.cpp(38,102): warning C4244:             T=int
C:\Users\mbiernat\source\repos\Vendos\Vendos\Entity.cpp(38,102): warning C4244:         ]
C:\Users\mbiernat\source\repos\Vendos\Vendos\Entity.cpp(110,218): warning C4244: "argument": konwersja z "T" do "T", możliwa utrata danych
C:\Users\mbiernat\source\repos\Vendos\Vendos\Entity.cpp(110,218): warning C4244:         with
C:\Users\mbiernat\source\repos\Vendos\Vendos\Entity.cpp(110,218): warning C4244:         [
C:\Users\mbiernat\source\repos\Vendos\Vendos\Entity.cpp(110,218): warning C4244:             T=int
C:\Users\mbiernat\source\repos\Vendos\Vendos\Entity.cpp(110,218): warning C4244:         ]
C:\Users\mbiernat\source\repos\Vendos\Vendos\Entity.cpp(110,218): warning C4244:         and
C:\Users\mbiernat\source\repos\Vendos\Vendos\Entity.cpp(110,218): warning C4244:         [
C:\Users\mbiernat\source\repos\Vendos\Vendos\Entity.cpp(110,218): warning C4244:             T=float
C:\Users\mbiernat\source\repos\Vendos\Vendos\Entity.cpp(110,218): warning C4244:         ]
C:\Users\mbiernat\source\repos\Vendos\Vendos\Entity.cpp(110,194): warning C4244: "argument": konwersja z "T" do "T", możliwa utrata danych
C:\Users\mbiernat\source\repos\Vendos\Vendos\Entity.cpp(110,194): warning C4244:         with
C:\Users\mbiernat\source\repos\Vendos\Vendos\Entity.cpp(110,194): warning C4244:         [
C:\Users\mbiernat\source\repos\Vendos\Vendos\Entity.cpp(110,194): warning C4244:             T=int
C:\Users\mbiernat\source\repos\Vendos\Vendos\Entity.cpp(110,194): warning C4244:         ]
C:\Users\mbiernat\source\repos\Vendos\Vendos\Entity.cpp(110,194): warning C4244:         and
C:\Users\mbiernat\source\repos\Vendos\Vendos\Entity.cpp(110,194): warning C4244:         [
C:\Users\mbiernat\source\repos\Vendos\Vendos\Entity.cpp(110,194): warning C4244:             T=float
C:\Users\mbiernat\source\repos\Vendos\Vendos\Entity.cpp(110,194): warning C4244:         ]
  EntityPlayer.cpp
C:\Users\mbiernat\source\repos\Vendos\Vendos\ThrowedItem.h(38,45): warning C4244: "inicjowanie": konwersja z "double" do "const float", możliwa utrata danych
  (kompilowanie pliku źródłowego „EntityPlayer.cpp”)
  
C:\Users\mbiernat\source\repos\Vendos\Vendos\ThrowedItem.h(39,45): warning C4244: "inicjowanie": konwersja z "double" do "const float", możliwa utrata danych
  (kompilowanie pliku źródłowego „EntityPlayer.cpp”)
  
C:\Users\mbiernat\source\repos\Vendos\Vendos\itemChest.h(10,12): warning C4584: „itemChest”: klasa bazowa „TilesOnMap” jest już klasą bazową „item”
  (kompilowanie pliku źródłowego „EntityPlayer.cpp”)
      C:\Users\mbiernat\source\repos\Vendos\Vendos\TilesOnMap.h(11,7):
      zobacz deklarację „TilesOnMap”
      C:\Users\mbiernat\source\repos\Vendos\Vendos\item.h(17,7):
      zobacz deklarację „item”
  
C:\Users\mbiernat\source\repos\Vendos\Vendos\itemFurnace.h(10,9): warning C4584: „itemFurnace”: klasa bazowa „TilesOnMap” jest już klasą bazową „item”
  (kompilowanie pliku źródłowego „EntityPlayer.cpp”)
      C:\Users\mbiernat\source\repos\Vendos\Vendos\TilesOnMap.h(11,7):
      zobacz deklarację „TilesOnMap”
      C:\Users\mbiernat\source\repos\Vendos\Vendos\item.h(17,7):
      zobacz deklarację „item”
  
C:\Users\mbiernat\source\repos\Vendos\Vendos\EntityPlayer.cpp(45,15): warning C4244: "inicjowanie": konwersja z "float" do "int", możliwa utrata danych
C:\Users\mbiernat\source\repos\Vendos\Vendos\EntityPlayer.cpp(47,23): warning C4244: "inicjowanie": konwersja z "int" do "float", możliwa utrata danych
C:\Users\mbiernat\source\repos\Vendos\Vendos\EntityPlayer.cpp(56,22): warning C4244: "inicjowanie": konwersja z "float" do "int", możliwa utrata danych
C:\Users\mbiernat\source\repos\Vendos\Vendos\EntityPlayer.cpp(67,21): warning C4244: "argument": konwersja z "T" do "T", możliwa utrata danych
C:\Users\mbiernat\source\repos\Vendos\Vendos\EntityPlayer.cpp(67,21): warning C4244:         with
C:\Users\mbiernat\source\repos\Vendos\Vendos\EntityPlayer.cpp(67,21): warning C4244:         [
C:\Users\mbiernat\source\repos\Vendos\Vendos\EntityPlayer.cpp(67,21): warning C4244:             T=float
C:\Users\mbiernat\source\repos\Vendos\Vendos\EntityPlayer.cpp(67,21): warning C4244:         ]
C:\Users\mbiernat\source\repos\Vendos\Vendos\EntityPlayer.cpp(67,21): warning C4244:         and
C:\Users\mbiernat\source\repos\Vendos\Vendos\EntityPlayer.cpp(67,21): warning C4244:         [
C:\Users\mbiernat\source\repos\Vendos\Vendos\EntityPlayer.cpp(67,21): warning C4244:             T=int
C:\Users\mbiernat\source\repos\Vendos\Vendos\EntityPlayer.cpp(67,21): warning C4244:         ]
C:\Users\mbiernat\source\repos\Vendos\Vendos\EntityPlayer.cpp(66,21): warning C4244: "argument": konwersja z "T" do "T", możliwa utrata danych
C:\Users\mbiernat\source\repos\Vendos\Vendos\EntityPlayer.cpp(66,21): warning C4244:         with
C:\Users\mbiernat\source\repos\Vendos\Vendos\EntityPlayer.cpp(66,21): warning C4244:         [
C:\Users\mbiernat\source\repos\Vendos\Vendos\EntityPlayer.cpp(66,21): warning C4244:             T=float
C:\Users\mbiernat\source\repos\Vendos\Vendos\EntityPlayer.cpp(66,21): warning C4244:         ]
C:\Users\mbiernat\source\repos\Vendos\Vendos\EntityPlayer.cpp(66,21): warning C4244:         and
C:\Users\mbiernat\source\repos\Vendos\Vendos\EntityPlayer.cpp(66,21): warning C4244:         [
C:\Users\mbiernat\source\repos\Vendos\Vendos\EntityPlayer.cpp(66,21): warning C4244:             T=int
C:\Users\mbiernat\source\repos\Vendos\Vendos\EntityPlayer.cpp(66,21): warning C4244:         ]
C:\Users\mbiernat\source\repos\Vendos\Vendos\EntityPlayer.cpp(65,27): warning C4244: "argument": konwersja z "T" do "T", możliwa utrata danych
C:\Users\mbiernat\source\repos\Vendos\Vendos\EntityPlayer.cpp(65,27): warning C4244:         with
C:\Users\mbiernat\source\repos\Vendos\Vendos\EntityPlayer.cpp(65,27): warning C4244:         [
C:\Users\mbiernat\source\repos\Vendos\Vendos\EntityPlayer.cpp(65,27): warning C4244:             T=float
C:\Users\mbiernat\source\repos\Vendos\Vendos\EntityPlayer.cpp(65,27): warning C4244:         ]
C:\Users\mbiernat\source\repos\Vendos\Vendos\EntityPlayer.cpp(65,27): warning C4244:         and
C:\Users\mbiernat\source\repos\Vendos\Vendos\EntityPlayer.cpp(65,27): warning C4244:         [
C:\Users\mbiernat\source\repos\Vendos\Vendos\EntityPlayer.cpp(65,27): warning C4244:             T=int
C:\Users\mbiernat\source\repos\Vendos\Vendos\EntityPlayer.cpp(65,27): warning C4244:         ]
C:\Users\mbiernat\source\repos\Vendos\Vendos\EntityPlayer.cpp(64,28): warning C4244: "argument": konwersja z "T" do "T", możliwa utrata danych
C:\Users\mbiernat\source\repos\Vendos\Vendos\EntityPlayer.cpp(64,28): warning C4244:         with
C:\Users\mbiernat\source\repos\Vendos\Vendos\EntityPlayer.cpp(64,28): warning C4244:         [
C:\Users\mbiernat\source\repos\Vendos\Vendos\EntityPlayer.cpp(64,28): warning C4244:             T=float
C:\Users\mbiernat\source\repos\Vendos\Vendos\EntityPlayer.cpp(64,28): warning C4244:         ]
C:\Users\mbiernat\source\repos\Vendos\Vendos\EntityPlayer.cpp(64,28): warning C4244:         and
C:\Users\mbiernat\source\repos\Vendos\Vendos\EntityPlayer.cpp(64,28): warning C4244:         [
C:\Users\mbiernat\source\repos\Vendos\Vendos\EntityPlayer.cpp(64,28): warning C4244:             T=int
C:\Users\mbiernat\source\repos\Vendos\Vendos\EntityPlayer.cpp(64,28): warning C4244:         ]
  Equipment.cpp
C:\Users\mbiernat\source\repos\Vendos\Vendos\itemChest.h(10,12): warning C4584: „itemChest”: klasa bazowa „TilesOnMap” jest już klasą bazową „item”
  (kompilowanie pliku źródłowego „Equipment.cpp”)
      C:\Users\mbiernat\source\repos\Vendos\Vendos\TilesOnMap.h(11,7):
      zobacz deklarację „TilesOnMap”
      C:\Users\mbiernat\source\repos\Vendos\Vendos\item.h(17,7):
      zobacz deklarację „item”
  
C:\Users\mbiernat\source\repos\Vendos\Vendos\itemFurnace.h(10,9): warning C4584: „itemFurnace”: klasa bazowa „TilesOnMap” jest już klasą bazową „item”
  (kompilowanie pliku źródłowego „Equipment.cpp”)
      C:\Users\mbiernat\source\repos\Vendos\Vendos\TilesOnMap.h(11,7):
      zobacz deklarację „TilesOnMap”
      C:\Users\mbiernat\source\repos\Vendos\Vendos\item.h(17,7):
      zobacz deklarację „item”
  
C:\Users\mbiernat\source\repos\Vendos\Vendos\ThrowedItem.h(38,45): warning C4244: "inicjowanie": konwersja z "double" do "const float", możliwa utrata danych
  (kompilowanie pliku źródłowego „Equipment.cpp”)
  
C:\Users\mbiernat\source\repos\Vendos\Vendos\ThrowedItem.h(39,45): warning C4244: "inicjowanie": konwersja z "double" do "const float", możliwa utrata danych
  (kompilowanie pliku źródłowego „Equipment.cpp”)
  
  EquipmentAreas.cpp
C:\Users\mbiernat\source\repos\Vendos\Vendos\itemChest.h(10,12): warning C4584: „itemChest”: klasa bazowa „TilesOnMap” jest już klasą bazową „item”
  (kompilowanie pliku źródłowego „EquipmentAreas.cpp”)
      C:\Users\mbiernat\source\repos\Vendos\Vendos\TilesOnMap.h(11,7):
      zobacz deklarację „TilesOnMap”
      C:\Users\mbiernat\source\repos\Vendos\Vendos\item.h(17,7):
      zobacz deklarację „item”
  
C:\Users\mbiernat\source\repos\Vendos\Vendos\itemFurnace.h(10,9): warning C4584: „itemFurnace”: klasa bazowa „TilesOnMap” jest już klasą bazową „item”
  (kompilowanie pliku źródłowego „EquipmentAreas.cpp”)
      C:\Users\mbiernat\source\repos\Vendos\Vendos\TilesOnMap.h(11,7):
      zobacz deklarację „TilesOnMap”
      C:\Users\mbiernat\source\repos\Vendos\Vendos\item.h(17,7):
      zobacz deklarację „item”
  
C:\Users\mbiernat\source\repos\Vendos\Vendos\ThrowedItem.h(38,45): warning C4244: "inicjowanie": konwersja z "double" do "const float", możliwa utrata danych
  (kompilowanie pliku źródłowego „EquipmentAreas.cpp”)
  
C:\Users\mbiernat\source\repos\Vendos\Vendos\ThrowedItem.h(39,45): warning C4244: "inicjowanie": konwersja z "double" do "const float", możliwa utrata danych
  (kompilowanie pliku źródłowego „EquipmentAreas.cpp”)
  
C:\Users\mbiernat\source\repos\Vendos\Vendos\EquipmentAreas.cpp(99,47): warning C4267: "=": konwersja z "size_t" do "int", możliwa utrata danych
C:\Users\mbiernat\source\repos\Vendos\Vendos\EquipmentAreas.cpp(331,43): warning C4267: "=": konwersja z "size_t" do "T", możliwa utrata danych
C:\Users\mbiernat\source\repos\Vendos\Vendos\EquipmentAreas.cpp(331,43): warning C4267:         with
C:\Users\mbiernat\source\repos\Vendos\Vendos\EquipmentAreas.cpp(331,43): warning C4267:         [
C:\Users\mbiernat\source\repos\Vendos\Vendos\EquipmentAreas.cpp(331,43): warning C4267:             T=int
C:\Users\mbiernat\source\repos\Vendos\Vendos\EquipmentAreas.cpp(331,43): warning C4267:         ]
C:\Users\mbiernat\source\repos\Vendos\Vendos\EquipmentAreas.cpp(332,49): warning C4267: "=": konwersja z "size_t" do "T", możliwa utrata danych
C:\Users\mbiernat\source\repos\Vendos\Vendos\EquipmentAreas.cpp(332,49): warning C4267:         with
C:\Users\mbiernat\source\repos\Vendos\Vendos\EquipmentAreas.cpp(332,49): warning C4267:         [
C:\Users\mbiernat\source\repos\Vendos\Vendos\EquipmentAreas.cpp(332,49): warning C4267:             T=int
C:\Users\mbiernat\source\repos\Vendos\Vendos\EquipmentAreas.cpp(332,49): warning C4267:         ]
  EquipmentAreasMenagement.cpp
C:\Users\mbiernat\source\repos\Vendos\Vendos\EquipmentAreasMenagement.cpp(46,28): warning C4267: "=": konwersja z "size_t" do "int", możliwa utrata danych
C:\Users\mbiernat\source\repos\Vendos\Vendos\EquipmentAreasMenagement.cpp(47,25): warning C4267: "=": konwersja z "size_t" do "int", możliwa utrata danych
C:\Users\mbiernat\source\repos\Vendos\Vendos\EquipmentAreasMenagement.cpp(70,28): warning C4267: "=": konwersja z "size_t" do "int", możliwa utrata danych
C:\Users\mbiernat\source\repos\Vendos\Vendos\EquipmentAreasMenagement.cpp(71,25): warning C4267: "=": konwersja z "size_t" do "int", możliwa utrata danych
  EquipmentStorageArea.cpp
  EquipmentStorageAreaMenagement.cpp
  Game.cpp
C:\Users\mbiernat\source\repos\Vendos\Vendos\ThrowedItem.h(38,45): warning C4244: "inicjowanie": konwersja z "double" do "const float", możliwa utrata danych
  (kompilowanie pliku źródłowego „Game.cpp”)
  
C:\Users\mbiernat\source\repos\Vendos\Vendos\ThrowedItem.h(39,45): warning C4244: "inicjowanie": konwersja z "double" do "const float", możliwa utrata danych
  (kompilowanie pliku źródłowego „Game.cpp”)
  
C:\Users\mbiernat\source\repos\Vendos\Vendos\itemChest.h(10,12): warning C4584: „itemChest”: klasa bazowa „TilesOnMap” jest już klasą bazową „item”
  (kompilowanie pliku źródłowego „Game.cpp”)
      C:\Users\mbiernat\source\repos\Vendos\Vendos\TilesOnMap.h(11,7):
      zobacz deklarację „TilesOnMap”
      C:\Users\mbiernat\source\repos\Vendos\Vendos\item.h(17,7):
      zobacz deklarację „item”
  
C:\Users\mbiernat\source\repos\Vendos\Vendos\itemFurnace.h(10,9): warning C4584: „itemFurnace”: klasa bazowa „TilesOnMap” jest już klasą bazową „item”
  (kompilowanie pliku źródłowego „Game.cpp”)
      C:\Users\mbiernat\source\repos\Vendos\Vendos\TilesOnMap.h(11,7):
      zobacz deklarację „TilesOnMap”
      C:\Users\mbiernat\source\repos\Vendos\Vendos\item.h(17,7):
      zobacz deklarację „item”
  
  HoveringWithMouse.cpp
C:\Users\mbiernat\source\repos\Vendos\Vendos\itemChest.h(10,12): warning C4584: „itemChest”: klasa bazowa „TilesOnMap” jest już klasą bazową „item”
  (kompilowanie pliku źródłowego „HoveringWithMouse.cpp”)
      C:\Users\mbiernat\source\repos\Vendos\Vendos\TilesOnMap.h(11,7):
      zobacz deklarację „TilesOnMap”
      C:\Users\mbiernat\source\repos\Vendos\Vendos\item.h(17,7):
      zobacz deklarację „item”
  
C:\Users\mbiernat\source\repos\Vendos\Vendos\itemFurnace.h(10,9): warning C4584: „itemFurnace”: klasa bazowa „TilesOnMap” jest już klasą bazową „item”
  (kompilowanie pliku źródłowego „HoveringWithMouse.cpp”)
      C:\Users\mbiernat\source\repos\Vendos\Vendos\TilesOnMap.h(11,7):
      zobacz deklarację „TilesOnMap”
      C:\Users\mbiernat\source\repos\Vendos\Vendos\item.h(17,7):
      zobacz deklarację „item”
  
C:\Users\mbiernat\source\repos\Vendos\Vendos\HoveringWithMouse.cpp(53,43): warning C4244: "argument": konwersja z "int" do "float", możliwa utrata danych
C:\Users\mbiernat\source\repos\Vendos\Vendos\HoveringWithMouse.cpp(52,43): warning C4244: "argument": konwersja z "int" do "float", możliwa utrata danych
  item.cpp
  itemAndItsPosition.cpp
  itemAxe.cpp
  itemChest.cpp
C:\Users\mbiernat\source\repos\Vendos\Vendos\itemChest.h(10,12): warning C4584: „itemChest”: klasa bazowa „TilesOnMap” jest już klasą bazową „item”
  (kompilowanie pliku źródłowego „itemChest.cpp”)
      C:\Users\mbiernat\source\repos\Vendos\Vendos\TilesOnMap.h(11,7):
      zobacz deklarację „TilesOnMap”
      C:\Users\mbiernat\source\repos\Vendos\Vendos\item.h(17,7):
      zobacz deklarację „item”
  
  ItemConstructor.cpp
C:\Users\mbiernat\source\repos\Vendos\Vendos\itemChest.h(10,12): warning C4584: „itemChest”: klasa bazowa „TilesOnMap” jest już klasą bazową „item”
  (kompilowanie pliku źródłowego „ItemConstructor.cpp”)
      C:\Users\mbiernat\source\repos\Vendos\Vendos\TilesOnMap.h(11,7):
      zobacz deklarację „TilesOnMap”
      C:\Users\mbiernat\source\repos\Vendos\Vendos\item.h(17,7):
      zobacz deklarację „item”
  
C:\Users\mbiernat\source\repos\Vendos\Vendos\itemFurnace.h(10,9): warning C4584: „itemFurnace”: klasa bazowa „TilesOnMap” jest już klasą bazową „item”
  (kompilowanie pliku źródłowego „ItemConstructor.cpp”)
      C:\Users\mbiernat\source\repos\Vendos\Vendos\TilesOnMap.h(11,7):
      zobacz deklarację „TilesOnMap”
      C:\Users\mbiernat\source\repos\Vendos\Vendos\item.h(17,7):
      zobacz deklarację „item”
  
  itemFurnace.cpp
C:\Users\mbiernat\source\repos\Vendos\Vendos\itemFurnace.h(10,9): warning C4584: „itemFurnace”: klasa bazowa „TilesOnMap” jest już klasą bazową „item”
  (kompilowanie pliku źródłowego „itemFurnace.cpp”)
      C:\Users\mbiernat\source\repos\Vendos\Vendos\TilesOnMap.h(11,7):
      zobacz deklarację „TilesOnMap”
      C:\Users\mbiernat\source\repos\Vendos\Vendos\item.h(17,7):
      zobacz deklarację „item”
  
  Trwa kompilowanie...
  itemHoe.cpp
  itemPickaxe.cpp
  itemShovel.cpp
  itemSword.cpp
  itemTool.cpp
C:\Users\mbiernat\source\repos\Vendos\Vendos\itemTool.cpp(47,30): warning C4305: "=": obcięcie z "double" do "float"
C:\Users\mbiernat\source\repos\Vendos\Vendos\itemTool.cpp(52,30): warning C4305: "=": obcięcie z "double" do "float"
  itemWateringCan.cpp
  Main.cpp
C:\Users\mbiernat\source\repos\Vendos\Vendos\ThrowedItem.h(38,45): warning C4244: "inicjowanie": konwersja z "double" do "const float", możliwa utrata danych
  (kompilowanie pliku źródłowego „Main.cpp”)
  
C:\Users\mbiernat\source\repos\Vendos\Vendos\ThrowedItem.h(39,45): warning C4244: "inicjowanie": konwersja z "double" do "const float", możliwa utrata danych
  (kompilowanie pliku źródłowego „Main.cpp”)
  
C:\Users\mbiernat\source\repos\Vendos\Vendos\itemChest.h(10,12): warning C4584: „itemChest”: klasa bazowa „TilesOnMap” jest już klasą bazową „item”
  (kompilowanie pliku źródłowego „Main.cpp”)
      C:\Users\mbiernat\source\repos\Vendos\Vendos\TilesOnMap.h(11,7):
      zobacz deklarację „TilesOnMap”
      C:\Users\mbiernat\source\repos\Vendos\Vendos\item.h(17,7):
      zobacz deklarację „item”
  
C:\Users\mbiernat\source\repos\Vendos\Vendos\itemFurnace.h(10,9): warning C4584: „itemFurnace”: klasa bazowa „TilesOnMap” jest już klasą bazową „item”
  (kompilowanie pliku źródłowego „Main.cpp”)
      C:\Users\mbiernat\source\repos\Vendos\Vendos\TilesOnMap.h(11,7):
      zobacz deklarację „TilesOnMap”
      C:\Users\mbiernat\source\repos\Vendos\Vendos\item.h(17,7):
      zobacz deklarację „item”
  
  mouseButton.cpp
  State.cpp
C:\Users\mbiernat\source\repos\Vendos\Vendos\ThrowedItem.h(38,45): warning C4244: "inicjowanie": konwersja z "double" do "const float", możliwa utrata danych
  (kompilowanie pliku źródłowego „State.cpp”)
  
C:\Users\mbiernat\source\repos\Vendos\Vendos\ThrowedItem.h(39,45): warning C4244: "inicjowanie": konwersja z "double" do "const float", możliwa utrata danych
  (kompilowanie pliku źródłowego „State.cpp”)
  
C:\Users\mbiernat\source\repos\Vendos\Vendos\itemChest.h(10,12): warning C4584: „itemChest”: klasa bazowa „TilesOnMap” jest już klasą bazową „item”
  (kompilowanie pliku źródłowego „State.cpp”)
      C:\Users\mbiernat\source\repos\Vendos\Vendos\TilesOnMap.h(11,7):
      zobacz deklarację „TilesOnMap”
      C:\Users\mbiernat\source\repos\Vendos\Vendos\item.h(17,7):
      zobacz deklarację „item”
  
C:\Users\mbiernat\source\repos\Vendos\Vendos\itemFurnace.h(10,9): warning C4584: „itemFurnace”: klasa bazowa „TilesOnMap” jest już klasą bazową „item”
  (kompilowanie pliku źródłowego „State.cpp”)
      C:\Users\mbiernat\source\repos\Vendos\Vendos\TilesOnMap.h(11,7):
      zobacz deklarację „TilesOnMap”
      C:\Users\mbiernat\source\repos\Vendos\Vendos\item.h(17,7):
      zobacz deklarację „item”
  
C:\Users\mbiernat\source\repos\Vendos\Vendos\State.cpp(103,8): warning C4244: "inicjowanie": konwersja z "T" do "int", możliwa utrata danych
C:\Users\mbiernat\source\repos\Vendos\Vendos\State.cpp(103,8): warning C4244:         with
C:\Users\mbiernat\source\repos\Vendos\Vendos\State.cpp(103,8): warning C4244:         [
C:\Users\mbiernat\source\repos\Vendos\Vendos\State.cpp(103,8): warning C4244:             T=float
C:\Users\mbiernat\source\repos\Vendos\Vendos\State.cpp(103,8): warning C4244:         ]
C:\Users\mbiernat\source\repos\Vendos\Vendos\State.cpp(106,8): warning C4244: "inicjowanie": konwersja z "T" do "int", możliwa utrata danych
C:\Users\mbiernat\source\repos\Vendos\Vendos\State.cpp(106,8): warning C4244:         with
C:\Users\mbiernat\source\repos\Vendos\Vendos\State.cpp(106,8): warning C4244:         [
C:\Users\mbiernat\source\repos\Vendos\Vendos\State.cpp(106,8): warning C4244:             T=float
C:\Users\mbiernat\source\repos\Vendos\Vendos\State.cpp(106,8): warning C4244:         ]
  StateMenu.cpp
C:\Users\mbiernat\source\repos\Vendos\Vendos\ThrowedItem.h(38,45): warning C4244: "inicjowanie": konwersja z "double" do "const float", możliwa utrata danych
  (kompilowanie pliku źródłowego „StateMenu.cpp”)
  
C:\Users\mbiernat\source\repos\Vendos\Vendos\ThrowedItem.h(39,45): warning C4244: "inicjowanie": konwersja z "double" do "const float", możliwa utrata danych
  (kompilowanie pliku źródłowego „StateMenu.cpp”)
  
C:\Users\mbiernat\source\repos\Vendos\Vendos\itemChest.h(10,12): warning C4584: „itemChest”: klasa bazowa „TilesOnMap” jest już klasą bazową „item”
  (kompilowanie pliku źródłowego „StateMenu.cpp”)
      C:\Users\mbiernat\source\repos\Vendos\Vendos\TilesOnMap.h(11,7):
      zobacz deklarację „TilesOnMap”
      C:\Users\mbiernat\source\repos\Vendos\Vendos\item.h(17,7):
      zobacz deklarację „item”
  
C:\Users\mbiernat\source\repos\Vendos\Vendos\itemFurnace.h(10,9): warning C4584: „itemFurnace”: klasa bazowa „TilesOnMap” jest już klasą bazową „item”
  (kompilowanie pliku źródłowego „StateMenu.cpp”)
      C:\Users\mbiernat\source\repos\Vendos\Vendos\TilesOnMap.h(11,7):
      zobacz deklarację „TilesOnMap”
      C:\Users\mbiernat\source\repos\Vendos\Vendos\item.h(17,7):
      zobacz deklarację „item”
  
  StateSpawnPlace.cpp
C:\Users\mbiernat\source\repos\Vendos\Vendos\ThrowedItem.h(38,45): warning C4244: "inicjowanie": konwersja z "double" do "const float", możliwa utrata danych
  (kompilowanie pliku źródłowego „StateSpawnPlace.cpp”)
  
C:\Users\mbiernat\source\repos\Vendos\Vendos\ThrowedItem.h(39,45): warning C4244: "inicjowanie": konwersja z "double" do "const float", możliwa utrata danych
  (kompilowanie pliku źródłowego „StateSpawnPlace.cpp”)
  
C:\Users\mbiernat\source\repos\Vendos\Vendos\itemChest.h(10,12): warning C4584: „itemChest”: klasa bazowa „TilesOnMap” jest już klasą bazową „item”
  (kompilowanie pliku źródłowego „StateSpawnPlace.cpp”)
      C:\Users\mbiernat\source\repos\Vendos\Vendos\TilesOnMap.h(11,7):
      zobacz deklarację „TilesOnMap”
      C:\Users\mbiernat\source\repos\Vendos\Vendos\item.h(17,7):
      zobacz deklarację „item”
  
C:\Users\mbiernat\source\repos\Vendos\Vendos\itemFurnace.h(10,9): warning C4584: „itemFurnace”: klasa bazowa „TilesOnMap” jest już klasą bazową „item”
  (kompilowanie pliku źródłowego „StateSpawnPlace.cpp”)
      C:\Users\mbiernat\source\repos\Vendos\Vendos\TilesOnMap.h(11,7):
      zobacz deklarację „TilesOnMap”
      C:\Users\mbiernat\source\repos\Vendos\Vendos\item.h(17,7):
      zobacz deklarację „item”
  
  ThrowedItem.cpp
C:\Users\mbiernat\source\repos\Vendos\Vendos\ThrowedItem.h(38,45): warning C4244: "inicjowanie": konwersja z "double" do "const float", możliwa utrata danych
  (kompilowanie pliku źródłowego „ThrowedItem.cpp”)
  
C:\Users\mbiernat\source\repos\Vendos\Vendos\ThrowedItem.h(39,45): warning C4244: "inicjowanie": konwersja z "double" do "const float", możliwa utrata danych
  (kompilowanie pliku źródłowego „ThrowedItem.cpp”)
  
C:\Users\mbiernat\source\repos\Vendos\Vendos\ThrowedItem.cpp(63,92): warning C4244: "argument": konwersja z "float" do "_Ty", możliwa utrata danych
C:\Users\mbiernat\source\repos\Vendos\Vendos\ThrowedItem.cpp(63,92): warning C4244:         with
C:\Users\mbiernat\source\repos\Vendos\Vendos\ThrowedItem.cpp(63,92): warning C4244:         [
C:\Users\mbiernat\source\repos\Vendos\Vendos\ThrowedItem.cpp(63,92): warning C4244:             _Ty=int
C:\Users\mbiernat\source\repos\Vendos\Vendos\ThrowedItem.cpp(63,92): warning C4244:         ]
C:\Users\mbiernat\source\repos\Vendos\Vendos\ThrowedItem.cpp(63,66): warning C4244: "argument": konwersja z "float" do "_Ty", możliwa utrata danych
C:\Users\mbiernat\source\repos\Vendos\Vendos\ThrowedItem.cpp(63,66): warning C4244:         with
C:\Users\mbiernat\source\repos\Vendos\Vendos\ThrowedItem.cpp(63,66): warning C4244:         [
C:\Users\mbiernat\source\repos\Vendos\Vendos\ThrowedItem.cpp(63,66): warning C4244:             _Ty=int
C:\Users\mbiernat\source\repos\Vendos\Vendos\ThrowedItem.cpp(63,66): warning C4244:         ]
C:\Users\mbiernat\source\repos\Vendos\Vendos\ThrowedItem.cpp(66,14): warning C4244: "=": konwersja z "int" do "float", możliwa utrata danych
C:\Users\mbiernat\source\repos\Vendos\Vendos\ThrowedItem.cpp(67,13): warning C4244: "=": konwersja z "int" do "float", możliwa utrata danych
C:\Users\mbiernat\source\repos\Vendos\Vendos\ThrowedItem.cpp(121,27): warning C4244: "=": konwersja z "double" do "T", możliwa utrata danych
C:\Users\mbiernat\source\repos\Vendos\Vendos\ThrowedItem.cpp(121,27): warning C4244:         with
C:\Users\mbiernat\source\repos\Vendos\Vendos\ThrowedItem.cpp(121,27): warning C4244:         [
C:\Users\mbiernat\source\repos\Vendos\Vendos\ThrowedItem.cpp(121,27): warning C4244:             T=float
C:\Users\mbiernat\source\repos\Vendos\Vendos\ThrowedItem.cpp(121,27): warning C4244:         ]
C:\Users\mbiernat\source\repos\Vendos\Vendos\ThrowedItem.cpp(122,27): warning C4244: "=": konwersja z "double" do "T", możliwa utrata danych
C:\Users\mbiernat\source\repos\Vendos\Vendos\ThrowedItem.cpp(122,27): warning C4244:         with
C:\Users\mbiernat\source\repos\Vendos\Vendos\ThrowedItem.cpp(122,27): warning C4244:         [
C:\Users\mbiernat\source\repos\Vendos\Vendos\ThrowedItem.cpp(122,27): warning C4244:             T=float
C:\Users\mbiernat\source\repos\Vendos\Vendos\ThrowedItem.cpp(122,27): warning C4244:         ]
C:\Users\mbiernat\source\repos\Vendos\Vendos\ThrowedItem.cpp(145,78): warning C4244: "=": konwersja z "double" do "T", możliwa utrata danych
C:\Users\mbiernat\source\repos\Vendos\Vendos\ThrowedItem.cpp(145,78): warning C4244:         with
C:\Users\mbiernat\source\repos\Vendos\Vendos\ThrowedItem.cpp(145,78): warning C4244:         [
C:\Users\mbiernat\source\repos\Vendos\Vendos\ThrowedItem.cpp(145,78): warning C4244:             T=float
C:\Users\mbiernat\source\repos\Vendos\Vendos\ThrowedItem.cpp(145,78): warning C4244:         ]
C:\Users\mbiernat\source\repos\Vendos\Vendos\ThrowedItem.cpp(210,23): warning C4244: "=": konwersja z "double" do "float", możliwa utrata danych
  ThrownItems.cpp
C:\Users\mbiernat\source\repos\Vendos\Vendos\ThrowedItem.h(38,45): warning C4244: "inicjowanie": konwersja z "double" do "const float", możliwa utrata danych
  (kompilowanie pliku źródłowego „ThrownItems.cpp”)
  
C:\Users\mbiernat\source\repos\Vendos\Vendos\ThrowedItem.h(39,45): warning C4244: "inicjowanie": konwersja z "double" do "const float", możliwa utrata danych
  (kompilowanie pliku źródłowego „ThrownItems.cpp”)
  
C:\Users\mbiernat\source\repos\Vendos\Vendos\itemChest.h(10,12): warning C4584: „itemChest”: klasa bazowa „TilesOnMap” jest już klasą bazową „item”
  (kompilowanie pliku źródłowego „ThrownItems.cpp”)
      C:\Users\mbiernat\source\repos\Vendos\Vendos\TilesOnMap.h(11,7):
      zobacz deklarację „TilesOnMap”
      C:\Users\mbiernat\source\repos\Vendos\Vendos\item.h(17,7):
      zobacz deklarację „item”
  
C:\Users\mbiernat\source\repos\Vendos\Vendos\itemFurnace.h(10,9): warning C4584: „itemFurnace”: klasa bazowa „TilesOnMap” jest już klasą bazową „item”
  (kompilowanie pliku źródłowego „ThrownItems.cpp”)
      C:\Users\mbiernat\source\repos\Vendos\Vendos\TilesOnMap.h(11,7):
      zobacz deklarację „TilesOnMap”
      C:\Users\mbiernat\source\repos\Vendos\Vendos\item.h(17,7):
      zobacz deklarację „item”
  
  TileConstructor.cpp
  TilesByItemsManagement.cpp
C:\Users\mbiernat\source\repos\Vendos\Vendos\itemChest.h(10,12): warning C4584: „itemChest”: klasa bazowa „TilesOnMap” jest już klasą bazową „item”
  (kompilowanie pliku źródłowego „TilesByItemsManagement.cpp”)
      C:\Users\mbiernat\source\repos\Vendos\Vendos\TilesOnMap.h(11,7):
      zobacz deklarację „TilesOnMap”
      C:\Users\mbiernat\source\repos\Vendos\Vendos\item.h(17,7):
      zobacz deklarację „item”
  
C:\Users\mbiernat\source\repos\Vendos\Vendos\itemFurnace.h(10,9): warning C4584: „itemFurnace”: klasa bazowa „TilesOnMap” jest już klasą bazową „item”
  (kompilowanie pliku źródłowego „TilesByItemsManagement.cpp”)
      C:\Users\mbiernat\source\repos\Vendos\Vendos\TilesOnMap.h(11,7):
      zobacz deklarację „TilesOnMap”
      C:\Users\mbiernat\source\repos\Vendos\Vendos\item.h(17,7):
      zobacz deklarację „item”
  
  TilesOnMap.cpp
C:\Users\mbiernat\source\repos\Vendos\Vendos\TilesOnMap.cpp(20,169): warning C4244: "argument": konwersja z "T" do "float", możliwa utrata danych
C:\Users\mbiernat\source\repos\Vendos\Vendos\TilesOnMap.cpp(20,169): warning C4244:         with
C:\Users\mbiernat\source\repos\Vendos\Vendos\TilesOnMap.cpp(20,169): warning C4244:         [
C:\Users\mbiernat\source\repos\Vendos\Vendos\TilesOnMap.cpp(20,169): warning C4244:             T=int
C:\Users\mbiernat\source\repos\Vendos\Vendos\TilesOnMap.cpp(20,169): warning C4244:         ]
C:\Users\mbiernat\source\repos\Vendos\Vendos\TilesOnMap.cpp(20,108): warning C4244: "argument": konwersja z "T" do "float", możliwa utrata danych
C:\Users\mbiernat\source\repos\Vendos\Vendos\TilesOnMap.cpp(20,108): warning C4244:         with
C:\Users\mbiernat\source\repos\Vendos\Vendos\TilesOnMap.cpp(20,108): warning C4244:         [
C:\Users\mbiernat\source\repos\Vendos\Vendos\TilesOnMap.cpp(20,108): warning C4244:             T=int
C:\Users\mbiernat\source\repos\Vendos\Vendos\TilesOnMap.cpp(20,108): warning C4244:         ]
C:\Users\mbiernat\source\repos\Vendos\Vendos\TilesOnMap.cpp(49,3): warning C4150: usunięcie wskaźnika do niekompletnego typu "EquipmentStorageArea"; brak wywołania destruktora
      C:\Users\mbiernat\source\repos\Vendos\Vendos\EquipmentData.h(12,7):
      zobacz deklarację „EquipmentStorageArea”
  
C:\Users\mbiernat\source\repos\Vendos\Vendos\TilesOnMap.cpp(66,3): warning C4390: ";": znaleziono kontrolowaną pustą instrukcję; czy to było zamierzone?
C:\Users\mbiernat\source\repos\Vendos\Vendos\TilesOnMap.cpp(106,67): warning C4244: "argument": konwersja z "T" do "float", możliwa utrata danych
C:\Users\mbiernat\source\repos\Vendos\Vendos\TilesOnMap.cpp(106,67): warning C4244:         with
C:\Users\mbiernat\source\repos\Vendos\Vendos\TilesOnMap.cpp(106,67): warning C4244:         [
C:\Users\mbiernat\source\repos\Vendos\Vendos\TilesOnMap.cpp(106,67): warning C4244:             T=int
C:\Users\mbiernat\source\repos\Vendos\Vendos\TilesOnMap.cpp(106,67): warning C4244:         ]
C:\Users\mbiernat\source\repos\Vendos\Vendos\TilesOnMap.cpp(106,57): warning C4244: "argument": konwersja z "T" do "float", możliwa utrata danych
C:\Users\mbiernat\source\repos\Vendos\Vendos\TilesOnMap.cpp(106,57): warning C4244:         with
C:\Users\mbiernat\source\repos\Vendos\Vendos\TilesOnMap.cpp(106,57): warning C4244:         [
C:\Users\mbiernat\source\repos\Vendos\Vendos\TilesOnMap.cpp(106,57): warning C4244:             T=int
C:\Users\mbiernat\source\repos\Vendos\Vendos\TilesOnMap.cpp(106,57): warning C4244:         ]
  TilesManagement.cpp
C:\Users\mbiernat\source\repos\Vendos\Vendos\itemChest.h(10,12): warning C4584: „itemChest”: klasa bazowa „TilesOnMap” jest już klasą bazową „item”
  (kompilowanie pliku źródłowego „TilesManagement.cpp”)
      C:\Users\mbiernat\source\repos\Vendos\Vendos\TilesOnMap.h(11,7):
      zobacz deklarację „TilesOnMap”
      C:\Users\mbiernat\source\repos\Vendos\Vendos\item.h(17,7):
      zobacz deklarację „item”
  
C:\Users\mbiernat\source\repos\Vendos\Vendos\itemFurnace.h(10,9): warning C4584: „itemFurnace”: klasa bazowa „TilesOnMap” jest już klasą bazową „item”
  (kompilowanie pliku źródłowego „TilesManagement.cpp”)
      C:\Users\mbiernat\source\repos\Vendos\Vendos\TilesOnMap.h(11,7):
      zobacz deklarację „TilesOnMap”
      C:\Users\mbiernat\source\repos\Vendos\Vendos\item.h(17,7):
      zobacz deklarację „item”
  
  Workstation.cpp
C:\Users\mbiernat\source\repos\Vendos\Vendos\Workstation.cpp(24,99): warning C4244: "argument": konwersja z "T" do "float", możliwa utrata danych
C:\Users\mbiernat\source\repos\Vendos\Vendos\Workstation.cpp(24,99): warning C4244:         with
C:\Users\mbiernat\source\repos\Vendos\Vendos\Workstation.cpp(24,99): warning C4244:         [
C:\Users\mbiernat\source\repos\Vendos\Vendos\Workstation.cpp(24,99): warning C4244:             T=unsigned int
C:\Users\mbiernat\source\repos\Vendos\Vendos\Workstation.cpp(24,99): warning C4244:         ]
  Trwa generowanie kodu
  Previous IPDB not found, fall back to full compilation.
C:\Users\mbiernat\source\repos\Vendos\Vendos\item.cpp(62): warning C4172: zwracanie adresu lokalnej zmiennej lub tymczasowej
C:\Users\mbiernat\source\repos\Vendos\Vendos\Entity.cpp(104): warning C4715: "Entity::checkIfBackGroundMoveable”: niewszystkie ścieżki kodu zwracają wartość
C:\Users\mbiernat\source\repos\Vendos\Vendos\button.cpp(54): warning C4172: zwracanie adresu lokalnej zmiennej lub tymczasowej
C:\Users\mbiernat\source\repos\Vendos\Vendos\button.cpp(69): warning C4172: zwracanie adresu lokalnej zmiennej lub tymczasowej
C:\Users\mbiernat\source\repos\Vendos\Vendos\button.cpp(64): warning C4172: zwracanie adresu lokalnej zmiennej lub tymczasowej
C:\Users\mbiernat\source\repos\Vendos\Vendos\button.cpp(59): warning C4172: zwracanie adresu lokalnej zmiennej lub tymczasowej
C:\Users\mbiernat\source\repos\Vendos\Vendos\TileConstructor.cpp(20): warning C4715: "TileConstructor::creatorOfTileBasedOnHeldItemID”: niewszystkie ścieżki kodu zwracają wartość
C:\Users\mbiernat\source\repos\Vendos\Vendos\ThrownItems.cpp(98): warning C4715: "`ThrownItems::update'::`5'::<lambda_1>::operator()<ThrowedItem *>”: niewszystkie ścieżki kodu zwracają wartość
C:\Users\mbiernat\source\repos\Vendos\Vendos\ItemConstructor.cpp(51): warning C4715: "ItemConstructor::creatorOfItemBasedOnID”: niewszystkie ścieżki kodu zwracają wartość
  All 2243 functions were compiled because no usable IPDB/IOBJ from previous compilation was found.
  Zakończono generowanie kodu
  Vendos.vcxproj -> C:\Users\mbiernat\source\repos\Vendos\x64\Release\Vendos.exe
